<?xml version="1.0" encoding="UTF-8"?>
<testsuite name="Tests" tests="1" skipped="0" failures="0" errors="0" timestamp="2024-11-11T14:58:25" hostname="Nelsons-M3-Macbook-Air.local" time="0.041">
  <properties/>
  <testcase name="start" classname="Tests" time="0.041"/>
  <system-out><![CDATA[?[1;31m
Start test 1?[0m
Hello! My name is Rudolph.
I was created in 2024.
Please, remind me your name.
> Marry
What a great name you have, Marry!
Let me guess your age.
Enter remainders of dividing your age by 3, 5 and 7.
> 1
> 0
> 5
Your age is 40; that's a good time to start programming!
Now I will prove to you that I can count to any number you want.
> 10
0!
1!
2!
3!
4!
5!
6!
7!
8!
9!
10!
Let's test your Star Wars knowledge.
Who is the most popular villain in Star Wars?
1. Darth Vader
2. Darth Maul
3. Kylo Ren
4. Emperor Palpatine
> 1
Congratulations, have a nice day!
]]></system-out>
  <system-err><![CDATA[]]></system-err>
</testsuite>
